<?xml version="1.0" encoding="UTF-8"?>
<!-- Generated by org.testng.reporters.JUnitXMLReporter -->
<testsuite ignored="0" hostname="DESKTOP-2NBN9S0" failures="1" tests="5" name="Automation Test Cases" time="260.663" errors="0" timestamp="2023-04-19T20:47:58 IST">
  <testcase classname="com.vz.test.DequeUniversity" name="VerifyHomePageHeader" time="0.051"/>
  <testcase classname="com.vz.test.DequeUniversity" name="VerifyRadioButtons" time="0.017"/>
  <testcase classname="com.vz.test.DequeUniversity" name="VerifyAddaTraveler" time="0.106"/>
  <testcase classname="com.vz.test.DequeUniversity" name="VerifyVideoText" time="0.107"/>
  <testcase classname="com.vz.test.DequeUniversity" name="AccessibilityTest" time="223.474">
    <failure type="java.lang.AssertionError" message="expected [10] but found [0]">
      <![CDATA[java.lang.AssertionError: expected [10] but found [0]
at com.vz.test.DequeUniversity.AccessibilityTest(DequeUniversity.java:166)
at java.base/java.util.ArrayList.forEach(ArrayList.java:1511)
... Removed 33 stack frames]]>
    </failure>
  </testcase> <!-- AccessibilityTest -->
</testsuite> <!-- Automation Test Cases -->
