<?xml version="1.0" encoding="UTF-8"?>
<testng-results ignored="0" total="5" passed="4" failed="1" skipped="0">
  <reporter-output>
  </reporter-output>
  <suite started-at="2023-04-19T20:43:37 IST" name="Deque Automation Test Suite" finished-at="2023-04-19T20:47:58 IST" duration-ms="260663">
    <groups>
    </groups>
    <test started-at="2023-04-19T20:43:37 IST" name="Automation Test Cases" finished-at="2023-04-19T20:47:58 IST" duration-ms="260663">
      <class name="com.vz.test.DequeUniversity">
        <test-method is-config="true" signature="setup()[pri:0, instance:com.vz.test.DequeUniversity@2df9b86]" started-at="2023-04-19T20:43:37 IST" name="setup" finished-at="2023-04-19T20:43:45 IST" duration-ms="7850" status="PASS">
          <reporter-output>
          </reporter-output>
        </test-method> <!-- setup -->
        <test-method signature="VerifyHomePageHeader()[pri:1, instance:com.vz.test.DequeUniversity@2df9b86]" started-at="2023-04-19T20:43:45 IST" name="VerifyHomePageHeader" finished-at="2023-04-19T20:43:45 IST" duration-ms="51" status="PASS">
          <reporter-output>
          </reporter-output>
        </test-method> <!-- VerifyHomePageHeader -->
        <test-method is-config="true" signature="tearDown()[pri:0, instance:com.vz.test.DequeUniversity@2df9b86]" started-at="2023-04-19T20:43:45 IST" name="tearDown" finished-at="2023-04-19T20:43:46 IST" duration-ms="118" status="PASS">
          <reporter-output>
          </reporter-output>
        </test-method> <!-- tearDown -->
        <test-method is-config="true" signature="setup()[pri:0, instance:com.vz.test.DequeUniversity@2df9b86]" started-at="2023-04-19T20:43:46 IST" name="setup" finished-at="2023-04-19T20:43:52 IST" duration-ms="6818" status="PASS">
          <reporter-output>
          </reporter-output>
        </test-method> <!-- setup -->
        <test-method signature="VerifyRadioButtons()[pri:2, instance:com.vz.test.DequeUniversity@2df9b86]" started-at="2023-04-19T20:43:52 IST" name="VerifyRadioButtons" finished-at="2023-04-19T20:43:52 IST" duration-ms="17" status="PASS">
          <reporter-output>
          </reporter-output>
        </test-method> <!-- VerifyRadioButtons -->
        <test-method is-config="true" signature="tearDown()[pri:0, instance:com.vz.test.DequeUniversity@2df9b86]" started-at="2023-04-19T20:43:52 IST" name="tearDown" finished-at="2023-04-19T20:43:52 IST" duration-ms="125" status="PASS">
          <reporter-output>
          </reporter-output>
        </test-method> <!-- tearDown -->
        <test-method is-config="true" signature="setup()[pri:0, instance:com.vz.test.DequeUniversity@2df9b86]" started-at="2023-04-19T20:43:52 IST" name="setup" finished-at="2023-04-19T20:44:00 IST" duration-ms="7367" status="PASS">
          <reporter-output>
          </reporter-output>
        </test-method> <!-- setup -->
        <test-method signature="VerifyAddaTraveler()[pri:3, instance:com.vz.test.DequeUniversity@2df9b86]" started-at="2023-04-19T20:44:00 IST" name="VerifyAddaTraveler" finished-at="2023-04-19T20:44:00 IST" duration-ms="106" status="PASS">
          <reporter-output>
          </reporter-output>
        </test-method> <!-- VerifyAddaTraveler -->
        <test-method is-config="true" signature="tearDown()[pri:0, instance:com.vz.test.DequeUniversity@2df9b86]" started-at="2023-04-19T20:44:00 IST" name="tearDown" finished-at="2023-04-19T20:44:00 IST" duration-ms="131" status="PASS">
          <reporter-output>
          </reporter-output>
        </test-method> <!-- tearDown -->
        <test-method is-config="true" signature="setup()[pri:0, instance:com.vz.test.DequeUniversity@2df9b86]" started-at="2023-04-19T20:44:00 IST" name="setup" finished-at="2023-04-19T20:44:07 IST" duration-ms="7086" status="PASS">
          <reporter-output>
          </reporter-output>
        </test-method> <!-- setup -->
        <test-method signature="VerifyVideoText()[pri:4, instance:com.vz.test.DequeUniversity@2df9b86]" started-at="2023-04-19T20:44:07 IST" name="VerifyVideoText" finished-at="2023-04-19T20:44:07 IST" duration-ms="107" status="PASS">
          <reporter-output>
          </reporter-output>
        </test-method> <!-- VerifyVideoText -->
        <test-method is-config="true" signature="tearDown()[pri:0, instance:com.vz.test.DequeUniversity@2df9b86]" started-at="2023-04-19T20:44:07 IST" name="tearDown" finished-at="2023-04-19T20:44:07 IST" duration-ms="129" status="PASS">
          <reporter-output>
          </reporter-output>
        </test-method> <!-- tearDown -->
        <test-method is-config="true" signature="setup()[pri:0, instance:com.vz.test.DequeUniversity@2df9b86]" started-at="2023-04-19T20:44:07 IST" name="setup" finished-at="2023-04-19T20:44:14 IST" duration-ms="6800" status="PASS">
          <reporter-output>
          </reporter-output>
        </test-method> <!-- setup -->
        <test-method signature="AccessibilityTest()[pri:5, instance:com.vz.test.DequeUniversity@2df9b86]" started-at="2023-04-19T20:44:14 IST" name="AccessibilityTest" finished-at="2023-04-19T20:47:58 IST" duration-ms="223474" status="FAIL">
          <exception class="java.lang.AssertionError">
            <message>
              <![CDATA[expected [10] but found [0]]]>
            </message>
            <full-stacktrace>
              <![CDATA[java.lang.AssertionError: expected [10] but found [0]
at org.testng.Assert.fail(Assert.java:99)
at org.testng.Assert.failNotEquals(Assert.java:1037)
at org.testng.Assert.assertEqualsImpl(Assert.java:140)
at org.testng.Assert.assertEquals(Assert.java:122)
at org.testng.Assert.assertEquals(Assert.java:907)
at org.testng.Assert.assertEquals(Assert.java:917)
at com.vz.test.DequeUniversity.AccessibilityTest(DequeUniversity.java:166)
at java.base/jdk.internal.reflect.NativeMethodAccessorImpl.invoke0(Native Method)
at java.base/jdk.internal.reflect.NativeMethodAccessorImpl.invoke(NativeMethodAccessorImpl.java:77)
at java.base/jdk.internal.reflect.DelegatingMethodAccessorImpl.invoke(DelegatingMethodAccessorImpl.java:43)
at java.base/java.lang.reflect.Method.invoke(Method.java:568)
at org.testng.internal.MethodInvocationHelper.invokeMethod(MethodInvocationHelper.java:133)
at org.testng.internal.TestInvoker.invokeMethod(TestInvoker.java:598)
at org.testng.internal.TestInvoker.invokeTestMethod(TestInvoker.java:173)
at org.testng.internal.MethodRunner.runInSequence(MethodRunner.java:46)
at org.testng.internal.TestInvoker$MethodInvocationAgent.invoke(TestInvoker.java:824)
at org.testng.internal.TestInvoker.invokeTestMethods(TestInvoker.java:146)
at org.testng.internal.TestMethodWorker.invokeTestMethods(TestMethodWorker.java:146)
at org.testng.internal.TestMethodWorker.run(TestMethodWorker.java:128)
at java.base/java.util.ArrayList.forEach(ArrayList.java:1511)
at org.testng.TestRunner.privateRun(TestRunner.java:794)
at org.testng.TestRunner.run(TestRunner.java:596)
at org.testng.SuiteRunner.runTest(SuiteRunner.java:377)
at org.testng.SuiteRunner.runSequentially(SuiteRunner.java:371)
at org.testng.SuiteRunner.privateRun(SuiteRunner.java:332)
at org.testng.SuiteRunner.run(SuiteRunner.java:276)
at org.testng.SuiteRunnerWorker.runSuite(SuiteRunnerWorker.java:53)
at org.testng.SuiteRunnerWorker.run(SuiteRunnerWorker.java:96)
at org.testng.TestNG.runSuitesSequentially(TestNG.java:1212)
at org.testng.TestNG.runSuitesLocally(TestNG.java:1134)
at org.testng.TestNG.runSuites(TestNG.java:1063)
at org.testng.TestNG.run(TestNG.java:1031)
at org.testng.remote.AbstractRemoteTestNG.run(AbstractRemoteTestNG.java:115)
at org.testng.remote.RemoteTestNG.initAndRun(RemoteTestNG.java:251)
at org.testng.remote.RemoteTestNG.main(RemoteTestNG.java:77)
]]>
            </full-stacktrace>
          </exception> <!-- java.lang.AssertionError -->
          <reporter-output>
          </reporter-output>
        </test-method> <!-- AccessibilityTest -->
        <test-method is-config="true" signature="tearDown()[pri:0, instance:com.vz.test.DequeUniversity@2df9b86]" started-at="2023-04-19T20:47:58 IST" name="tearDown" finished-at="2023-04-19T20:47:58 IST" duration-ms="444" status="PASS">
          <reporter-output>
          </reporter-output>
        </test-method> <!-- tearDown -->
      </class> <!-- com.vz.test.DequeUniversity -->
    </test> <!-- Automation Test Cases -->
  </suite> <!-- Deque Automation Test Suite -->
</testng-results>
